==18048== Memcheck, a memory error detector
==18048== Copyright (C) 2002-2013, and GNU GPL'd, by Julian Seward et al.
==18048== Using Valgrind-3.10.1 and LibVEX; rerun with -h for copyright info
==18048== Command: /rhome/s/sdziho1/workspace/TP/T11/Z5/.runme
==18048== Parent PID: 18041
==18048== 
==18048== 
==18048== HEAP SUMMARY:
==18048==     in use at exit: 528 bytes in 7 blocks
==18048==   total heap usage: 7 allocs, 0 frees, 528 bytes allocated
==18048== 
==18048== LEAK SUMMARY:
==18048==    definitely lost: 0 bytes in 0 blocks
==18048==    indirectly lost: 0 bytes in 0 blocks
==18048==      possibly lost: 0 bytes in 0 blocks
==18048==    still reachable: 528 bytes in 7 blocks
==18048==         suppressed: 0 bytes in 0 blocks
==18048== Reachable blocks (those to which a pointer was found) are not shown.
==18048== To see them, rerun with: --leak-check=full --show-leak-kinds=all
==18048== 
==18048== For counts of detected and suppressed errors, rerun with: -v
==18048== ERROR SUMMARY: 0 errors from 0 contexts (suppressed: 0 from 0)
