[New LWP 424]
Core was generated by `'.
Program terminated with signal SIGSEGV, Segmentation fault.
#0  Sat::operator++ (this=0xffe802068) at /rhome/s/sdziho1/workspace/TP/T12/Z1/main.cpp:59
59				return s++;
#0  Sat::operator++ (this=0xffe802068) at /rhome/s/sdziho1/workspace/TP/T12/Z1/main.cpp:59
#1  0x0000000000401849 in Sat::operator++ (this=0xffe8020c8) at /rhome/s/sdziho1/workspace/TP/T12/Z1/main.cpp:59
#2  0x0000000000401849 in Sat::operator++ (this=0xffe802128) at /rhome/s/sdziho1/workspace/TP/T12/Z1/main.cpp:59
#3  0x0000000000401849 in Sat::operator++ (this=0xffe802188) at /rhome/s/sdziho1/workspace/TP/T12/Z1/main.cpp:59
#4  0x0000000000401849 in Sat::operator++ (this=0xffe8021e8) at /rhome/s/sdziho1/workspace/TP/T12/Z1/main.cpp:59
#5  0x0000000000401849 in Sat::operator++ (this=0xffe802248) at /rhome/s/sdziho1/workspace/TP/T12/Z1/main.cpp:59
#6  0x0000000000401849 in Sat::operator++ (this=0xffe8022a8) at /rhome/s/sdziho1/workspace/TP/T12/Z1/main.cpp:59
#7  0x0000000000401849 in Sat::operator++ (this=0xffe802308) at /rhome/s/sdziho1/workspace/TP/T12/Z1/main.cpp:59
#8  0x0000000000401849 in Sat::operator++ (this=0xffe802368) at /rhome/s/sdziho1/workspace/TP/T12/Z1/main.cpp:59
#9  0x0000000000401849 in Sat::operator++ (this=0xffe8023c8) at /rhome/s/sdziho1/workspace/TP/T12/Z1/main.cpp:59
#10 0x0000000000401849 in Sat::operator++ (this=0xffe802428) at /rhome/s/sdziho1/workspace/TP/T12/Z1/main.cpp:59
#11 0x0000000000401849 in Sat::operator++ (this=0xffe802488) at /rhome/s/sdziho1/workspace/TP/T12/Z1/main.cpp:59
#12 0x0000000000401849 in Sat::operator++ (this=0xffe8024e8) at /rhome/s/sdziho1/workspace/TP/T12/Z1/main.cpp:59
#13 0x0000000000401849 in Sat::operator++ (this=0xffe802548) at /rhome/s/sdziho1/workspace/TP/T12/Z1/main.cpp:59
#14 0x0000000000401849 in Sat::operator++ (this=0xffe8025a8) at /rhome/s/sdziho1/workspace/TP/T12/Z1/main.cpp:59
#15 0x0000000000401849 in Sat::operator++ (this=0xffe802608) at /rhome/s/sdziho1/workspace/TP/T12/Z1/main.cpp:59
#16 0x0000000000401849 in Sat::operator++ (this=0xffe802668) at /rhome/s/sdziho1/workspace/TP/T12/Z1/main.cpp:59
#17 0x0000000000401849 in Sat::operator++ (this=0xffe8026c8) at /rhome/s/sdziho1/workspace/TP/T12/Z1/main.cpp:59
#18 0x0000000000401849 in Sat::operator++ (this=0xffe802728) at /rhome/s/sdziho1/workspace/TP/T12/Z1/main.cpp:59
#19 0x0000000000401849 in Sat::operator++ (this=0xffe802788) at /rhome/s/sdziho1/workspace/TP/T12/Z1/main.cpp:59
#20 0x0000000000401849 in Sat::operator++ (this=0xffe8027e8) at /rhome/s/sdziho1/workspace/TP/T12/Z1/main.cpp:59
#21 0x0000000000401849 in Sat::operator++ (this=0xffe802848) at /rhome/s/sdziho1/workspace/TP/T12/Z1/main.cpp:59
#22 0x0000000000401849 in Sat::operator++ (this=0xffe8028a8) at /rhome/s/sdziho1/workspace/TP/T12/Z1/main.cpp:59
#23 0x0000000000401849 in Sat::operator++ (this=0xffe802908) at /rhome/s/sdziho1/workspace/TP/T12/Z1/main.cpp:59
#24 0x0000000000401849 in Sat::operator++ (this=0xffe802968) at /rhome/s/sdziho1/workspace/TP/T12/Z1/main.cpp:59
#25 0x0000000000401849 in Sat::operator++ (this=0xffe8029c8) at /rhome/s/sdziho1/workspace/TP/T12/Z1/main.cpp:59
#26 0x0000000000401849 in Sat::operator++ (this=0xffe802a28) at /rhome/s/sdziho1/workspace/TP/T12/Z1/main.cpp:59
#27 0x0000000000401849 in Sat::operator++ (this=0xffe802a88) at /rhome/s/sdziho1/workspace/TP/T12/Z1/main.cpp:59
#28 0x0000000000401849 in Sat::operator++ (this=0xffe802ae8) at /rhome/s/sdziho1/workspace/TP/T12/Z1/main.cpp:59
#29 0x0000000000401849 in Sat::operator++ (this=0xffe802b48) at /rhome/s/sdziho1/workspace/TP/T12/Z1/main.cpp:59
#30 0x0000000000401849 in Sat::operator++ (this=0xffe802ba8) at /rhome/s/sdziho1/workspace/TP/T12/Z1/main.cpp:59
#31 0x0000000000401849 in Sat::operator++ (this=0xffe802c08) at /rhome/s/sdziho1/workspace/TP/T12/Z1/main.cpp:59
#32 0x0000000000401849 in Sat::operator++ (this=0xffe802c68) at /rhome/s/sdziho1/workspace/TP/T12/Z1/main.cpp:59
#33 0x0000000000401849 in Sat::operator++ (this=0xffe802cc8) at /rhome/s/sdziho1/workspace/TP/T12/Z1/main.cpp:59
#34 0x0000000000401849 in Sat::operator++ (this=0xffe802d28) at /rhome/s/sdziho1/workspace/TP/T12/Z1/main.cpp:59
#35 0x0000000000401849 in Sat::operator++ (this=0xffe802d88) at /rhome/s/sdziho1/workspace/TP/T12/Z1/main.cpp:59
#36 0x0000000000401849 in Sat::operator++ (this=0xffe802de8) at /rhome/s/sdziho1/workspace/TP/T12/Z1/main.cpp:59
#37 0x0000000000401849 in Sat::operator++ (this=0xffe802e48) at /rhome/s/sdziho1/workspace/TP/T12/Z1/main.cpp:59
#38 0x0000000000401849 in Sat::operator++ (this=0xffe802ea8) at /rhome/s/sdziho1/workspace/TP/T12/Z1/main.cpp:59
#39 0x0000000000401849 in Sat::operator++ (this=0xffe802f08) at /rhome/s/sdziho1/workspace/TP/T12/Z1/main.cpp:59
#40 0x0000000000401849 in Sat::operator++ (this=0xffe802f68) at /rhome/s/sdziho1/workspace/TP/T12/Z1/main.cpp:59
#41 0x0000000000401849 in Sat::operator++ (this=0xffe802fc8) at /rhome/s/sdziho1/workspace/TP/T12/Z1/main.cpp:59
#42 0x0000000000401849 in Sat::operator++ (this=0xffe803028) at /rhome/s/sdziho1/workspace/TP/T12/Z1/main.cpp:59
#43 0x0000000000401849 in Sat::operator++ (this=0xffe803088) at /rhome/s/sdziho1/workspace/TP/T12/Z1/main.cpp:59
#44 0x0000000000401849 in Sat::operator++ (this=0xffe8030e8) at /rhome/s/sdziho1/workspace/TP/T12/Z1/main.cpp:59
#45 0x0000000000401849 in Sat::operator++ (this=0xffe803148) at /rhome/s/sdziho1/workspace/TP/T12/Z1/main.cpp:59
#46 0x0000000000401849 in Sat::operator++ (this=0xffe8031a8) at /rhome/s/sdziho1/workspace/TP/T12/Z1/main.cpp:59
#47 0x0000000000401849 in Sat::operator++ (this=0xffe803208) at /rhome/s/sdziho1/workspace/TP/T12/Z1/main.cpp:59
#48 0x0000000000401849 in Sat::operator++ (this=0xffe803268) at /rhome/s/sdziho1/workspace/TP/T12/Z1/main.cpp:59
#49 0x0000000000401849 in Sat::operator++ (this=0xffe8032c8) at /rhome/s/sdziho1/workspace/TP/T12/Z1/main.cpp:59
#50 0x0000000000401849 in Sat::operator++ (this=0xffe803328) at /rhome/s/sdziho1/workspace/TP/T12/Z1/main.cpp:59
#51 0x0000000000401849 in Sat::operator++ (this=0xffe803388) at /rhome/s/sdziho1/workspace/TP/T12/Z1/main.cpp:59
#52 0x0000000000401849 in Sat::operator++ (this=0xffe8033e8) at /rhome/s/sdziho1/workspace/TP/T12/Z1/main.cpp:59
#53 0x0000000000401849 in Sat::operator++ (this=0xffe803448) at /rhome/s/sdziho1/workspace/TP/T12/Z1/main.cpp:59
#54 0x0000000000401849 in Sat::operator++ (this=0xffe8034a8) at /rhome/s/sdziho1/workspace/TP/T12/Z1/main.cpp:59
#55 0x0000000000401849 in Sat::operator++ (this=0xffe803508) at /rhome/s/sdziho1/workspace/TP/T12/Z1/main.cpp:59
#56 0x0000000000401849 in Sat::operator++ (this=0xffe803568) at /rhome/s/sdziho1/workspace/TP/T12/Z1/main.cpp:59
#57 0x0000000000401849 in Sat::operator++ (this=0xffe8035c8) at /rhome/s/sdziho1/workspace/TP/T12/Z1/main.cpp:59
#58 0x0000000000401849 in Sat::operator++ (this=0xffe803628) at /rhome/s/sdziho1/workspace/TP/T12/Z1/main.cpp:59
#59 0x0000000000401849 in Sat::operator++ (this=0xffe803688) at /rhome/s/sdziho1/workspace/TP/T12/Z1/main.cpp:59
#60 0x0000000000401849 in Sat::operator++ (this=0xffe8036e8) at /rhome/s/sdziho1/workspace/TP/T12/Z1/main.cpp:59
#61 0x0000000000401849 in Sat::operator++ (this=0xffe803748) at /rhome/s/sdziho1/workspace/TP/T12/Z1/main.cpp:59
#62 0x0000000000401849 in Sat::operator++ (this=0xffe8037a8) at /rhome/s/sdziho1/workspace/TP/T12/Z1/main.cpp:59
#63 0x0000000000401849 in Sat::operator++ (this=0xffe803808) at /rhome/s/sdziho1/workspace/TP/T12/Z1/main.cpp:59
#64 0x0000000000401849 in Sat::operator++ (this=0xffe803868) at /rhome/s/sdziho1/workspace/TP/T12/Z1/main.cpp:59
#65 0x0000000000401849 in Sat::operator++ (this=0xffe8038c8) at /rhome/s/sdziho1/workspace/TP/T12/Z1/main.cpp:59
#66 0x0000000000401849 in Sat::operator++ (this=0xffe803928) at /rhome/s/sdziho1/workspace/TP/T12/Z1/main.cpp:59
#67 0x0000000000401849 in Sat::operator++ (this=0xffe803988) at /rhome/s/sdziho1/workspace/TP/T12/Z1/main.cpp:59
#68 0x0000000000401849 in Sat::operator++ (this=0xffe8039e8) at /rhome/s/sdziho1/workspace/TP/T12/Z1/main.cpp:59
#69 0x0000000000401849 in Sat::operator++ (this=0xffe803a48) at /rhome/s/sdziho1/workspace/TP/T12/Z1/main.cpp:59
#70 0x0000000000401849 in Sat::operator++ (this=0xffe803aa8) at /rhome/s/sdziho1/workspace/TP/T12/Z1/main.cpp:59
#71 0x0000000000401849 in Sat::operator++ (this=0xffe803b08) at /rhome/s/sdziho1/workspace/TP/T12/Z1/main.cpp:59
#72 0x0000000000401849 in Sat::operator++ (this=0xffe803b68) at /rhome/s/sdziho1/workspace/TP/T12/Z1/main.cpp:59
#73 0x0000000000401849 in Sat::operator++ (this=0xffe803bc8) at /rhome/s/sdziho1/workspace/TP/T12/Z1/main.cpp:59
#74 0x0000000000401849 in Sat::operator++ (this=0xffe803c28) at /rhome/s/sdziho1/workspace/TP/T12/Z1/main.cpp:59
#75 0x0000000000401849 in Sat::operator++ (this=0xffe803c88) at /rhome/s/sdziho1/workspace/TP/T12/Z1/main.cpp:59
#76 0x0000000000401849 in Sat::operator++ (this=0xffe803ce8) at /rhome/s/sdziho1/workspace/TP/T12/Z1/main.cpp:59
#77 0x0000000000401849 in Sat::operator++ (this=0xffe803d48) at /rhome/s/sdziho1/workspace/TP/T12/Z1/main.cpp:59
#78 0x0000000000401849 in Sat::operator++ (this=0xffe803da8) at /rhome/s/sdziho1/workspace/TP/T12/Z1/main.cpp:59
#79 0x0000000000401849 in Sat::operator++ (this=0xffe803e08) at /rhome/s/sdziho1/workspace/TP/T12/Z1/main.cpp:59
#80 0x0000000000401849 in Sat::operator++ (this=0xffe803e68) at /rhome/s/sdziho1/workspace/TP/T12/Z1/main.cpp:59
#81 0x0000000000401849 in Sat::operator++ (this=0xffe803ec8) at /rhome/s/sdziho1/workspace/TP/T12/Z1/main.cpp:59
#82 0x0000000000401849 in Sat::operator++ (this=0xffe803f28) at /rhome/s/sdziho1/workspace/TP/T12/Z1/main.cpp:59
#83 0x0000000000401849 in Sat::operator++ (this=0xffe803f88) at /rhome/s/sdziho1/workspace/TP/T12/Z1/main.cpp:59
#84 0x0000000000401849 in Sat::operator++ (this=0xffe803fe8) at /rhome/s/sdziho1/workspace/TP/T12/Z1/main.cpp:59
#85 0x0000000000401849 in Sat::operator++ (this=0xffe804048) at /rhome/s/sdziho1/workspace/TP/T12/Z1/main.cpp:59
#86 0x0000000000401849 in Sat::operator++ (this=0xffe8040a8) at /rhome/s/sdziho1/workspace/TP/T12/Z1/main.cpp:59
#87 0x0000000000401849 in Sat::operator++ (this=0xffe804108) at /rhome/s/sdziho1/workspace/TP/T12/Z1/main.cpp:59
#88 0x0000000000401849 in Sat::operator++ (this=0xffe804168) at /rhome/s/sdziho1/workspace/TP/T12/Z1/main.cpp:59
#89 0x0000000000401849 in Sat::operator++ (this=0xffe8041c8) at /rhome/s/sdziho1/workspace/TP/T12/Z1/main.cpp:59
#90 0x0000000000401849 in Sat::operator++ (this=0xffe804228) at /rhome/s/sdziho1/workspace/TP/T12/Z1/main.cpp:59
#91 0x0000000000401849 in Sat::operator++ (this=0xffe804288) at /rhome/s/sdziho1/workspace/TP/T12/Z1/main.cpp:59
#92 0x0000000000401849 in Sat::operator++ (this=0xffe8042e8) at /rhome/s/sdziho1/workspace/TP/T12/Z1/main.cpp:59
#93 0x0000000000401849 in Sat::operator++ (this=0xffe804348) at /rhome/s/sdziho1/workspace/TP/T12/Z1/main.cpp:59
#94 0x0000000000401849 in Sat::operator++ (this=0xffe8043a8) at /rhome/s/sdziho1/workspace/TP/T12/Z1/main.cpp:59
#95 0x0000000000401849 in Sat::operator++ (this=0xffe804408) at /rhome/s/sdziho1/workspace/TP/T12/Z1/main.cpp:59
#96 0x0000000000401849 in Sat::operator++ (this=0xffe804468) at /rhome/s/sdziho1/workspace/TP/T12/Z1/main.cpp:59
#97 0x0000000000401849 in Sat::operator++ (this=0xffe8044c8) at /rhome/s/sdziho1/workspace/TP/T12/Z1/main.cpp:59
#98 0x0000000000401849 in Sat::operator++ (this=0xffe804528) at /rhome/s/sdziho1/workspace/TP/T12/Z1/main.cpp:59
#99 0x0000000000401849 in Sat::operator++ (this=0xffe804588) at /rhome/s/sdziho1/workspace/TP/T12/Z1/main.cpp:59
