==16465== Memcheck, a memory error detector
==16465== Copyright (C) 2002-2013, and GNU GPL'd, by Julian Seward et al.
==16465== Using Valgrind-3.10.1 and LibVEX; rerun with -h for copyright info
==16465== Command: /rhome/s/sdziho1/workspace/TP/T11/Z4/.runme
==16465== Parent PID: 16438
==16465== 
==16465== 
==16465== HEAP SUMMARY:
==16465==     in use at exit: 336 bytes in 7 blocks
==16465==   total heap usage: 7 allocs, 0 frees, 336 bytes allocated
==16465== 
==16465== LEAK SUMMARY:
==16465==    definitely lost: 0 bytes in 0 blocks
==16465==    indirectly lost: 0 bytes in 0 blocks
==16465==      possibly lost: 0 bytes in 0 blocks
==16465==    still reachable: 336 bytes in 7 blocks
==16465==         suppressed: 0 bytes in 0 blocks
==16465== Reachable blocks (those to which a pointer was found) are not shown.
==16465== To see them, rerun with: --leak-check=full --show-leak-kinds=all
==16465== 
==16465== For counts of detected and suppressed errors, rerun with: -v
==16465== ERROR SUMMARY: 0 errors from 0 contexts (suppressed: 0 from 0)
