[New LWP 21555]
Core was generated by `'.
Program terminated with signal SIGXCPU, CPU time limit exceeded.
#0  0x00000000057426ae in ?? ()
#0  0x00000000057426ae in ?? ()
#1  0x00000000051b8ab7 in ?? ()
#2  0x0000000000001fff in ?? ()
#3  0x0000000fff000730 in ?? ()
#4  0x0000000000001fff in ?? ()
#5  0x000000000000000a in ?? ()
#6  0x0000000fff000508 in ?? ()
#7  0x00000000051ef8c0 in ?? ()
#8  0x0000000000000004 in ?? ()
#9  0x0000000fff000270 in ?? ()
#10 0x0000000aff0002e0 in ?? ()
#11 0x0000000005a13400 in ?? ()
#12 0x00000000672a2e25 in ?? ()
#13 0x000000000000085f in ?? ()
#14 0x0000000aff000370 in ?? ()
#15 0xfbef3abbe683e400 in ?? ()
#16 0x0000000fff000510 in ?? ()
#17 0x0000000fff000730 in ?? ()
#18 0x000000000000000a in ?? ()
#19 0x000000000000000a in ?? ()
#20 0x0000000fff000508 in ?? ()
#21 0x0000000000000000 in ?? ()
